
> magic-ui-next@0.1.0 build-storybook
> storybook build --output-dir /var/folders/dj/gxz7n4d92rsf1sn5nhw2p0sw0000gn/T/chromatic--31048-2o53xiE0u2L2

storybook v8.2.8

info => Cleaning outputDir: ../../../../../../var/folders/dj/gxz7n4d92rsf1sn5nhw2p0sw0000gn/T/chromatic--31048-2o53xiE0u2L2
info => Loading presets
WARN Could not resolve addon "@storybook/addon-onboarding", skipping. Is it installed?
WARN Could not resolve addon "@storybook/addon-onboarding", skipping. Is it installed?
info => Building manager..
info => Manager built (147 ms)
info => Building preview..
WARN No story files found for the specified pattern: stories/**/*.mdx
info => Using implicit CSS loaders
info => Using SWC as compiler
info => Using default Webpack5 setup
WARN asset size limit: The following asset(s) exceed the recommended size limit (244 KiB).
WARN This can impact web performance.
WARN Assets: 
WARN   504.bc8fa13e.iframe.bundle.js (1.32 MiB)
WARN   49.6c7ad85f.iframe.bundle.js (395 KiB)
WARN entrypoint size limit: The following entrypoint(s) combined asset size exceeds the recommended limit (244 KiB). This can impact web performance.
WARN Entrypoints:
WARN   main (1.38 MiB)
WARN       runtime~main.9282d349.iframe.bundle.js
WARN       504.bc8fa13e.iframe.bundle.js
WARN       main.0303c776.iframe.bundle.js
WARN 
info => Preview built (4.89 s)
info => Output directory: /var/folders/dj/gxz7n4d92rsf1sn5nhw2p0sw0000gn/T/chromatic--31048-2o53xiE0u2L2
